<?xml version="1.0" encoding="UTF-8"?>
<!-- Generated by org.testng.reporters.JUnitXMLReporter -->
<testsuite ignored="0" hostname="QT-UK-LT1372" failures="0" tests="6" name="UKTalentHubJava Test" time="37.179" errors="0" timestamp="2022-04-04T09:21:15 BST">
  <testcase classname="com.UKTalentHubJava.test_cases.testng.TCT02_SqlLoginTest" name="CorrectLoginDDT" time="4.162"/>
  <testcase classname="com.UKTalentHubJava.test_cases.testng.TCT02_SqlLoginTest" name="IncorrectLoginDDT" time="1.911"/>
  <testcase classname="com.UKTalentHubJava.test_cases.testng.TCT02_SqlLoginTest" name="IncorrectLoginDDT" time="1.255"/>
  <testcase classname="com.UKTalentHubJava.test_cases.testng.TCT02_SqlLoginTest" name="IncorrectLoginDDT" time="1.748"/>
  <testcase classname="com.UKTalentHubJava.test_cases.testng.TCT02_SqlLoginTest" name="IncorrectLoginDDT" time="0.932"/>
  <testcase classname="com.UKTalentHubJava.test_cases.testng.TCT02_SqlLoginTest" name="IncorrectLoginDDT" time="1.472"/>
</testsuite> <!-- UKTalentHubJava Test -->
