<?xml version="1.0" encoding="UTF-8"?>
<testsuite name="TestSuite" time="6.083" tests="6" errors="0" skipped="0" failures="0">
  <properties>
[...]
</properties>
  <testcase name="CorrectLoginDDT" classname="com.UKTalentHubJava.test_cases.testng.TCT02_SqlLoginTest" time="4.172"/>
  <testcase name="IncorrectLoginDDT" classname="com.UKTalentHubJava.test_cases.testng.TCT02_SqlLoginTest" time="1.911"/>
  <testcase name="IncorrectLoginDDT" classname="com.UKTalentHubJava.test_cases.testng.TCT02_SqlLoginTest" time="1.255"/>
  <testcase name="IncorrectLoginDDT" classname="com.UKTalentHubJava.test_cases.testng.TCT02_SqlLoginTest" time="1.748"/>
  <testcase name="IncorrectLoginDDT" classname="com.UKTalentHubJava.test_cases.testng.TCT02_SqlLoginTest" time="0.932"/>
  <testcase name="IncorrectLoginDDT" classname="com.UKTalentHubJava.test_cases.testng.TCT02_SqlLoginTest" time="1.472"/>
</testsuite>