<?xml version="1.0" encoding="UTF-8"?>
<testng-results ignored="0" total="6" passed="6" failed="0" skipped="0">
  <reporter-output>
  </reporter-output>
  <suite started-at="2022-04-04T09:20:38 BST" name="UKTalentHubJava" finished-at="2022-04-04T09:21:15 BST" duration-ms="37179">
    <groups>
    </groups>
    <test started-at="2022-04-04T09:20:38 BST" name="UKTalentHubJava Test" finished-at="2022-04-04T09:21:15 BST" duration-ms="37179">
      <class name="com.UKTalentHubJava.test_cases.testng.TCT02_SqlLoginTest">
        <test-method is-config="true" signature="setup(java.lang.String)[pri:0, instance:com.UKTalentHubJava.test_cases.testng.TCT02_SqlLoginTest@7adda9cc]" started-at="2022-04-04T09:20:38 BST" name="setup" finished-at="2022-04-04T09:20:46 BST" duration-ms="7723" status="PASS">
          <params>
            <param index="0">
              <value>
                <![CDATA[chrome]]>
              </value>
            </param>
          </params>
          <reporter-output>
          </reporter-output>
        </test-method> <!-- setup -->
        <test-method signature="CorrectLoginDDT(java.lang.String,java.lang.String)[pri:0, instance:com.UKTalentHubJava.test_cases.testng.TCT02_SqlLoginTest@7adda9cc]" started-at="2022-04-04T09:20:46 BST" name="CorrectLoginDDT" data-provider="SqlLoginData" finished-at="2022-04-04T09:20:50 BST" duration-ms="4162" status="PASS">
          <params>
            <param index="0">
              <value>
                <![CDATA[123123@email.com]]>
              </value>
            </param>
            <param index="1">
              <value>
                <![CDATA[123123]]>
              </value>
            </param>
          </params>
          <reporter-output>
          </reporter-output>
        </test-method> <!-- CorrectLoginDDT -->
        <test-method is-config="true" signature="tearDown()[pri:0, instance:com.UKTalentHubJava.test_cases.testng.TCT02_SqlLoginTest@7adda9cc]" started-at="2022-04-04T09:20:50 BST" name="tearDown" finished-at="2022-04-04T09:20:50 BST" duration-ms="188" status="PASS">
          <reporter-output>
          </reporter-output>
        </test-method> <!-- tearDown -->
        <test-method is-config="true" signature="setup(java.lang.String)[pri:0, instance:com.UKTalentHubJava.test_cases.testng.TCT02_SqlLoginTest@7adda9cc]" started-at="2022-04-04T09:20:50 BST" name="setup" finished-at="2022-04-04T09:20:54 BST" duration-ms="3304" status="PASS">
          <params>
            <param index="0">
              <value>
                <![CDATA[chrome]]>
              </value>
            </param>
          </params>
          <reporter-output>
          </reporter-output>
        </test-method> <!-- setup -->
        <test-method signature="IncorrectLoginDDT(java.lang.String,java.lang.String)[pri:0, instance:com.UKTalentHubJava.test_cases.testng.TCT02_SqlLoginTest@7adda9cc]" started-at="2022-04-04T09:20:54 BST" name="IncorrectLoginDDT" data-provider="SqlLoginData" finished-at="2022-04-04T09:20:56 BST" duration-ms="1911" status="PASS">
          <params>
            <param index="0">
              <value>
                <![CDATA[lindsey_marni@email.com]]>
              </value>
            </param>
            <param index="1">
              <value>
                <![CDATA[l1nds3y]]>
              </value>
            </param>
          </params>
          <reporter-output>
          </reporter-output>
        </test-method> <!-- IncorrectLoginDDT -->
        <test-method is-config="true" signature="tearDown()[pri:0, instance:com.UKTalentHubJava.test_cases.testng.TCT02_SqlLoginTest@7adda9cc]" started-at="2022-04-04T09:20:56 BST" name="tearDown" finished-at="2022-04-04T09:20:56 BST" duration-ms="180" status="PASS">
          <reporter-output>
          </reporter-output>
        </test-method> <!-- tearDown -->
        <test-method is-config="true" signature="setup(java.lang.String)[pri:0, instance:com.UKTalentHubJava.test_cases.testng.TCT02_SqlLoginTest@7adda9cc]" started-at="2022-04-04T09:20:56 BST" name="setup" finished-at="2022-04-04T09:20:58 BST" duration-ms="2590" status="PASS">
          <params>
            <param index="0">
              <value>
                <![CDATA[chrome]]>
              </value>
            </param>
          </params>
          <reporter-output>
          </reporter-output>
        </test-method> <!-- setup -->
        <test-method signature="IncorrectLoginDDT(java.lang.String,java.lang.String)[pri:0, instance:com.UKTalentHubJava.test_cases.testng.TCT02_SqlLoginTest@7adda9cc]" started-at="2022-04-04T09:20:58 BST" name="IncorrectLoginDDT" data-provider="SqlLoginData" finished-at="2022-04-04T09:21:00 BST" duration-ms="1255" status="PASS">
          <params>
            <param index="0">
              <value>
                <![CDATA[jude_heath@email.com]]>
              </value>
            </param>
            <param index="1">
              <value>
                <![CDATA[jud3h34th]]>
              </value>
            </param>
          </params>
          <reporter-output>
          </reporter-output>
        </test-method> <!-- IncorrectLoginDDT -->
        <test-method is-config="true" signature="tearDown()[pri:0, instance:com.UKTalentHubJava.test_cases.testng.TCT02_SqlLoginTest@7adda9cc]" started-at="2022-04-04T09:21:00 BST" name="tearDown" finished-at="2022-04-04T09:21:00 BST" duration-ms="173" status="PASS">
          <reporter-output>
          </reporter-output>
        </test-method> <!-- tearDown -->
        <test-method is-config="true" signature="setup(java.lang.String)[pri:0, instance:com.UKTalentHubJava.test_cases.testng.TCT02_SqlLoginTest@7adda9cc]" started-at="2022-04-04T09:21:00 BST" name="setup" finished-at="2022-04-04T09:21:03 BST" duration-ms="3280" status="PASS">
          <params>
            <param index="0">
              <value>
                <![CDATA[chrome]]>
              </value>
            </param>
          </params>
          <reporter-output>
          </reporter-output>
        </test-method> <!-- setup -->
        <test-method signature="IncorrectLoginDDT(java.lang.String,java.lang.String)[pri:0, instance:com.UKTalentHubJava.test_cases.testng.TCT02_SqlLoginTest@7adda9cc]" started-at="2022-04-04T09:21:03 BST" name="IncorrectLoginDDT" data-provider="SqlLoginData" finished-at="2022-04-04T09:21:05 BST" duration-ms="1748" status="PASS">
          <params>
            <param index="0">
              <value>
                <![CDATA[rebecca_josie@email.com]]>
              </value>
            </param>
            <param index="1">
              <value>
                <![CDATA[r3b3cc4]]>
              </value>
            </param>
          </params>
          <reporter-output>
          </reporter-output>
        </test-method> <!-- IncorrectLoginDDT -->
        <test-method is-config="true" signature="tearDown()[pri:0, instance:com.UKTalentHubJava.test_cases.testng.TCT02_SqlLoginTest@7adda9cc]" started-at="2022-04-04T09:21:05 BST" name="tearDown" finished-at="2022-04-04T09:21:05 BST" duration-ms="176" status="PASS">
          <reporter-output>
          </reporter-output>
        </test-method> <!-- tearDown -->
        <test-method is-config="true" signature="setup(java.lang.String)[pri:0, instance:com.UKTalentHubJava.test_cases.testng.TCT02_SqlLoginTest@7adda9cc]" started-at="2022-04-04T09:21:05 BST" name="setup" finished-at="2022-04-04T09:21:09 BST" duration-ms="4271" status="PASS">
          <params>
            <param index="0">
              <value>
                <![CDATA[chrome]]>
              </value>
            </param>
          </params>
          <reporter-output>
          </reporter-output>
        </test-method> <!-- setup -->
        <test-method signature="IncorrectLoginDDT(java.lang.String,java.lang.String)[pri:0, instance:com.UKTalentHubJava.test_cases.testng.TCT02_SqlLoginTest@7adda9cc]" started-at="2022-04-04T09:21:09 BST" name="IncorrectLoginDDT" data-provider="SqlLoginData" finished-at="2022-04-04T09:21:10 BST" duration-ms="932" status="PASS">
          <params>
            <param index="0">
              <value>
                <![CDATA[morris_conway@email.com]]>
              </value>
            </param>
            <param index="1">
              <value>
                <![CDATA[c0nw4y]]>
              </value>
            </param>
          </params>
          <reporter-output>
          </reporter-output>
        </test-method> <!-- IncorrectLoginDDT -->
        <test-method is-config="true" signature="tearDown()[pri:0, instance:com.UKTalentHubJava.test_cases.testng.TCT02_SqlLoginTest@7adda9cc]" started-at="2022-04-04T09:21:10 BST" name="tearDown" finished-at="2022-04-04T09:21:10 BST" duration-ms="191" status="PASS">
          <reporter-output>
          </reporter-output>
        </test-method> <!-- tearDown -->
        <test-method is-config="true" signature="setup(java.lang.String)[pri:0, instance:com.UKTalentHubJava.test_cases.testng.TCT02_SqlLoginTest@7adda9cc]" started-at="2022-04-04T09:21:10 BST" name="setup" finished-at="2022-04-04T09:21:13 BST" duration-ms="3173" status="PASS">
          <params>
            <param index="0">
              <value>
                <![CDATA[chrome]]>
              </value>
            </param>
          </params>
          <reporter-output>
          </reporter-output>
        </test-method> <!-- setup -->
        <test-method signature="IncorrectLoginDDT(java.lang.String,java.lang.String)[pri:0, instance:com.UKTalentHubJava.test_cases.testng.TCT02_SqlLoginTest@7adda9cc]" started-at="2022-04-04T09:21:13 BST" name="IncorrectLoginDDT" data-provider="SqlLoginData" finished-at="2022-04-04T09:21:15 BST" duration-ms="1472" status="PASS">
          <params>
            <param index="0">
              <value>
                <![CDATA[matt_rolland@email.com]]>
              </value>
            </param>
            <param index="1">
              <value>
                <![CDATA[m4ttr0114nd]]>
              </value>
            </param>
          </params>
          <reporter-output>
          </reporter-output>
        </test-method> <!-- IncorrectLoginDDT -->
        <test-method is-config="true" signature="tearDown()[pri:0, instance:com.UKTalentHubJava.test_cases.testng.TCT02_SqlLoginTest@7adda9cc]" started-at="2022-04-04T09:21:15 BST" name="tearDown" finished-at="2022-04-04T09:21:15 BST" duration-ms="158" status="PASS">
          <reporter-output>
          </reporter-output>
        </test-method> <!-- tearDown -->
      </class> <!-- com.UKTalentHubJava.test_cases.testng.TCT02_SqlLoginTest -->
    </test> <!-- UKTalentHubJava Test -->
  </suite> <!-- UKTalentHubJava -->
</testng-results>
